<?xml version="1.0" encoding="UTF-8"?>
<!-- Generated by org.testng.reporters.JUnitXMLReporter -->
<testsuite ignored="0" hostname="NDI-LAP-623" failures="1" tests="1" name="Default test" time="21.38" errors="0" timestamp="2020-03-16T13:37:24 IST">
  <testcase classname="test.gmail_Login_Page" name="new1" time="21.344">
    <failure type="com.galenframework.parser.SyntaxException" message="Unknown statement: base-js   id   base-js
    in C:\Users\himani.puri\Desktop\GalenFramework\TestGalen\Specs\login.spec:3">
      <![CDATA[com.galenframework.parser.SyntaxException: Unknown statement: base-js   id   base-js
    in C:\Users\himani.puri\Desktop\GalenFramework\TestGalen\Specs\login.spec:3
at com.galenframework.speclang2.pagespec.PostProcessor.processNode(PostProcessor.java:41)
at com.galenframework.speclang2.pagespec.PostProcessor.process(PostProcessor.java:33)
at com.galenframework.speclang2.pagespec.PageSpecReader.read(PageSpecReader.java:62)
at com.galenframework.speclang2.pagespec.PageSpecReader.read(PageSpecReader.java:45)
at com.galenframework.api.GalenPageDump.loadPageSpec(GalenPageDump.java:70)
at com.galenframework.api.GalenPageDump.dumpPage(GalenPageDump.java:65)
at test.gmail_Login_Page.new1(gmail_Login_Page.java:102)
at java.base/jdk.internal.reflect.NativeMethodAccessorImpl.invoke0(Native Method)
at java.base/jdk.internal.reflect.NativeMethodAccessorImpl.invoke(NativeMethodAccessorImpl.java:62)
at java.base/jdk.internal.reflect.DelegatingMethodAccessorImpl.invoke(DelegatingMethodAccessorImpl.java:43)
at java.base/java.lang.reflect.Method.invoke(Method.java:567)
at org.testng.internal.MethodInvocationHelper.invokeMethod(MethodInvocationHelper.java:133)
at org.testng.internal.TestInvoker.invokeMethod(TestInvoker.java:584)
at org.testng.internal.TestInvoker.invokeTestMethod(TestInvoker.java:172)
at org.testng.internal.MethodRunner.runInSequence(MethodRunner.java:46)
at org.testng.internal.TestInvoker$MethodInvocationAgent.invoke(TestInvoker.java:804)
at org.testng.internal.TestInvoker.invokeTestMethods(TestInvoker.java:145)
at org.testng.internal.TestMethodWorker.invokeTestMethods(TestMethodWorker.java:146)
at org.testng.internal.TestMethodWorker.run(TestMethodWorker.java:128)
at java.base/java.util.ArrayList.forEach(ArrayList.java:1507)
at org.testng.TestRunner.privateRun(TestRunner.java:770)
at org.testng.TestRunner.run(TestRunner.java:591)
at org.testng.SuiteRunner.runTest(SuiteRunner.java:402)
at org.testng.SuiteRunner.runSequentially(SuiteRunner.java:396)
at org.testng.SuiteRunner.privateRun(SuiteRunner.java:355)
at org.testng.SuiteRunner.run(SuiteRunner.java:304)
at org.testng.SuiteRunnerWorker.runSuite(SuiteRunnerWorker.java:53)
at org.testng.SuiteRunnerWorker.run(SuiteRunnerWorker.java:96)
at org.testng.TestNG.runSuitesSequentially(TestNG.java:1180)
at org.testng.TestNG.runSuitesLocally(TestNG.java:1102)
at org.testng.TestNG.runSuites(TestNG.java:1032)
at org.testng.TestNG.run(TestNG.java:1000)
at org.testng.remote.AbstractRemoteTestNG.run(AbstractRemoteTestNG.java:115)
at org.testng.remote.RemoteTestNG.initAndRun(RemoteTestNG.java:251)
at org.testng.remote.RemoteTestNG.main(RemoteTestNG.java:77)
]]>
    </failure>
  </testcase> <!-- new1 -->
</testsuite> <!-- Default test -->
